<?xml version="1.0" encoding="UTF-8"?>
<!-- Generated by org.testng.reporters.JUnitXMLReporter -->
<testsuite ignored="0" hostname="IN-PG0352BP" failures="0" tests="22" name="Test" time="240.544" errors="0" timestamp="2024-05-17T12:14:20 IST">
  <testcase classname="tests.NavigationTest" name="navigationTest" time="12.968"/>
  <testcase classname="tests.CustomerCareTest" name="customerCareTest" time="15.172"/>
  <testcase classname="tests.PinCodeTest" name="pincodeTest" time="5.819"/>
  <testcase classname="tests.RatingTest" name="ratingTest" time="10.996"/>
  <testcase classname="tests.CompareTest" name="compareTest" time="11.794"/>
  <testcase classname="tests.GiftcardTest" name="giftcardTest" time="10.94"/>
  <testcase classname="tests.DownloadTest" name="downloadTest" time="15.32"/>
  <testcase classname="tests.SignUpTest" name="signUpTest" time="5.649"/>
  <testcase classname="tests.LoginTest" name="loginTest" time="6.027"/>
  <testcase classname="tests.ExchangeTest" name="exchangeTest" time="11.138"/>
  <testcase classname="tests.SearchTest" name="searchTest" time="14.664"/>
  <testcase classname="tests.GroceryTest" name="groceryTest" time="6.248"/>
  <testcase classname="tests.ShareTest" name="shareTest" time="4.603"/>
  <testcase classname="tests.WishlistTest" name="bannerTest" time="8.657"/>
  <testcase classname="tests.WishlistTest" name="wishlistTest" time="1.555"/>
  <testcase classname="tests.GroupCompanyTest" name="groupCompanyTest" time="8.297"/>
  <testcase classname="tests.BannerTest" name="bannerTest" time="9.692"/>
  <testcase classname="tests.CartTest" name="cartTest" time="9.418"/>
  <testcase classname="tests.SellerTest" name="sellerTest" time="7.689"/>
  <testcase classname="tests.BookFlightTest" name="bookFlightTest" time="11.646"/>
  <testcase classname="tests.FilterTest" name="bannerTest" time="7.446"/>
  <testcase classname="tests.FilterTest" name="filterTest" time="4.395"/>
</testsuite> <!-- Test -->
