<?xml version="1.0" encoding="UTF-8"?>
<testng-results ignored="0" total="20" passed="20" failed="0" skipped="0">
  <reporter-output>
  </reporter-output>
  <suite started-at="2024-05-16T23:21:51 IST" name="Surefire suite" finished-at="2024-05-16T23:25:28 IST" duration-ms="216752">
    <groups>
    </groups>
    <test started-at="2024-05-16T23:21:51 IST" name="Surefire test" finished-at="2024-05-16T23:25:28 IST" duration-ms="216752">
      <class name="tests.LoginTest">
        <test-method is-config="true" signature="setUp()[pri:0, instance:tests.LoginTest@2e029d61]" started-at="2024-05-16T23:23:57 IST" name="setUp" finished-at="2024-05-16T23:23:59 IST" duration-ms="2276" status="PASS">
          <reporter-output>
          </reporter-output>
        </test-method> <!-- setUp -->
        <test-method signature="loginTest(java.lang.String,java.lang.String)[pri:0, instance:tests.LoginTest@2e029d61]" started-at="2024-05-16T23:23:59 IST" name="loginTest" data-provider="loginTestData" finished-at="2024-05-16T23:24:06 IST" duration-ms="6954" status="PASS">
          <params>
            <param index="0">
              <value>
                <![CDATA[8707637714]]>
              </value>
            </param>
            <param index="1">
              <value>
                <![CDATA[Yes]]>
              </value>
            </param>
          </params>
          <reporter-output>
          </reporter-output>
        </test-method> <!-- loginTest -->
        <test-method is-config="true" signature="tearDown(org.testng.ITestResult)[pri:0, instance:tests.LoginTest@2e029d61]" started-at="2024-05-16T23:24:06 IST" name="tearDown" finished-at="2024-05-16T23:24:06 IST" duration-ms="1" status="PASS">
          <params>
            <param index="0">
              <value>
                <![CDATA[[TestResult name=loginTest status=SUCCESS method=LoginTest.loginTest(java.lang.String,java.lang.String)[pri:0, instance:tests.LoginTest@2e029d61] output={null}]]]>
              </value>
            </param>
          </params>
          <reporter-output>
          </reporter-output>
        </test-method> <!-- tearDown -->
        <test-method is-config="true" signature="tearDown()[pri:0, instance:tests.LoginTest@2e029d61]" started-at="2024-05-16T23:24:06 IST" name="tearDown" finished-at="2024-05-16T23:24:07 IST" duration-ms="939" status="PASS">
          <reporter-output>
          </reporter-output>
        </test-method> <!-- tearDown -->
      </class> <!-- tests.LoginTest -->
      <class name="tests.SignUpTest">
        <test-method is-config="true" signature="setUp()[pri:0, instance:tests.SignUpTest@28276e50]" started-at="2024-05-16T23:25:12 IST" name="setUp" finished-at="2024-05-16T23:25:14 IST" duration-ms="2043" status="PASS">
          <reporter-output>
          </reporter-output>
        </test-method> <!-- setUp -->
        <test-method signature="signUpTest(java.lang.String,java.lang.String,java.lang.String)[pri:0, instance:tests.SignUpTest@28276e50]" started-at="2024-05-16T23:25:15 IST" name="signUpTest" data-provider="signUpTestData" finished-at="2024-05-16T23:25:21 IST" duration-ms="5997" status="PASS">
          <params>
            <param index="0">
              <value>
                <![CDATA[https://www.flipkart.com/]]>
              </value>
            </param>
            <param index="1">
              <value>
                <![CDATA[Yes]]>
              </value>
            </param>
            <param index="2">
              <value>
                <![CDATA[8707637714]]>
              </value>
            </param>
          </params>
          <reporter-output>
          </reporter-output>
        </test-method> <!-- signUpTest -->
        <test-method is-config="true" signature="tearDown(org.testng.ITestResult)[pri:0, instance:tests.SignUpTest@28276e50]" started-at="2024-05-16T23:25:21 IST" name="tearDown" finished-at="2024-05-16T23:25:21 IST" duration-ms="1" status="PASS">
          <params>
            <param index="0">
              <value>
                <![CDATA[[TestResult name=signUpTest status=SUCCESS method=SignUpTest.signUpTest(java.lang.String,java.lang.String,java.lang.String)[pri:0, instance:tests.SignUpTest@28276e50] output={null}]]]>
              </value>
            </param>
          </params>
          <reporter-output>
          </reporter-output>
        </test-method> <!-- tearDown -->
        <test-method is-config="true" signature="tearDown()[pri:0, instance:tests.SignUpTest@28276e50]" started-at="2024-05-16T23:25:21 IST" name="tearDown" finished-at="2024-05-16T23:25:21 IST" duration-ms="785" status="PASS">
          <reporter-output>
          </reporter-output>
        </test-method> <!-- tearDown -->
      </class> <!-- tests.SignUpTest -->
      <class name="tests.ExchangeTest">
        <test-method is-config="true" signature="setUp()[pri:0, instance:tests.ExchangeTest@6d0b5baf]" started-at="2024-05-16T23:22:57 IST" name="setUp" finished-at="2024-05-16T23:23:00 IST" duration-ms="2122" status="PASS">
          <reporter-output>
          </reporter-output>
        </test-method> <!-- setUp -->
        <test-method signature="exchangeTest(java.lang.String,java.lang.String,java.lang.String)[pri:0, instance:tests.ExchangeTest@6d0b5baf]" started-at="2024-05-16T23:23:00 IST" name="exchangeTest" data-provider="exchangeTestData" finished-at="2024-05-16T23:23:11 IST" duration-ms="10825" status="PASS">
          <params>
            <param index="0">
              <value>
                <![CDATA[https://www.flipkart.com/vivo-t2-pro-5g-dune-gold-256-gb/p/itm1230688cdef18?pid=MOBGT4RZUPKD8HDK&lid=LSTMOBGT4RZUPKD8HDK4QMUBF&marketplace=FLIPKART&store=tyy%2F4io&spotlightTagId=FkPickId_tyy%2F4io&srno=b_1_1&otracker=browse&fm=organic&iid=3fdca557-96cf-4098-b4ab-723ab022d11f.MOBGT4RZUPKD8HDK.SEARCH&ppt=browse&ppn=browse&ssid=xwer05avpc0000001715845565435]]>
              </value>
            </param>
            <param index="1">
              <value>
                <![CDATA[Yes]]>
              </value>
            </param>
            <param index="2">
              <value>
                <![CDATA[273015]]>
              </value>
            </param>
          </params>
          <reporter-output>
          </reporter-output>
        </test-method> <!-- exchangeTest -->
        <test-method is-config="true" signature="tearDown(org.testng.ITestResult)[pri:0, instance:tests.ExchangeTest@6d0b5baf]" started-at="2024-05-16T23:23:11 IST" name="tearDown" finished-at="2024-05-16T23:23:11 IST" duration-ms="1" status="PASS">
          <params>
            <param index="0">
              <value>
                <![CDATA[[TestResult name=exchangeTest status=SUCCESS method=ExchangeTest.exchangeTest(java.lang.String,java.lang.String,java.lang.String)[pri:0, instance:tests.ExchangeTest@6d0b5baf] output={null}]]]>
              </value>
            </param>
          </params>
          <reporter-output>
          </reporter-output>
        </test-method> <!-- tearDown -->
        <test-method is-config="true" signature="tearDown()[pri:0, instance:tests.ExchangeTest@6d0b5baf]" started-at="2024-05-16T23:23:11 IST" name="tearDown" finished-at="2024-05-16T23:23:11 IST" duration-ms="837" status="PASS">
          <reporter-output>
          </reporter-output>
        </test-method> <!-- tearDown -->
      </class> <!-- tests.ExchangeTest -->
      <class name="tests.DownloadTest">
        <test-method is-config="true" signature="setUp()[pri:0, instance:tests.DownloadTest@5049d8b2]" started-at="2024-05-16T23:22:42 IST" name="setUp" finished-at="2024-05-16T23:22:45 IST" duration-ms="2197" status="PASS">
          <reporter-output>
          </reporter-output>
        </test-method> <!-- setUp -->
        <test-method signature="downloadTest(java.lang.String,java.lang.String)[pri:0, instance:tests.DownloadTest@5049d8b2]" started-at="2024-05-16T23:22:45 IST" name="downloadTest" data-provider="downloadTestData" finished-at="2024-05-16T23:22:56 IST" duration-ms="11752" status="PASS">
          <params>
            <param index="0">
              <value>
                <![CDATA[https://www.flipkart.com]]>
              </value>
            </param>
            <param index="1">
              <value>
                <![CDATA[Yes]]>
              </value>
            </param>
          </params>
          <reporter-output>
          </reporter-output>
        </test-method> <!-- downloadTest -->
        <test-method is-config="true" signature="tearDown(org.testng.ITestResult)[pri:0, instance:tests.DownloadTest@5049d8b2]" started-at="2024-05-16T23:22:56 IST" name="tearDown" finished-at="2024-05-16T23:22:56 IST" duration-ms="0" status="PASS">
          <params>
            <param index="0">
              <value>
                <![CDATA[[TestResult name=downloadTest status=SUCCESS method=DownloadTest.downloadTest(java.lang.String,java.lang.String)[pri:0, instance:tests.DownloadTest@5049d8b2] output={null}]]]>
              </value>
            </param>
          </params>
          <reporter-output>
          </reporter-output>
        </test-method> <!-- tearDown -->
        <test-method is-config="true" signature="tearDown()[pri:0, instance:tests.DownloadTest@5049d8b2]" started-at="2024-05-16T23:22:56 IST" name="tearDown" finished-at="2024-05-16T23:22:57 IST" duration-ms="971" status="PASS">
          <reporter-output>
          </reporter-output>
        </test-method> <!-- tearDown -->
      </class> <!-- tests.DownloadTest -->
      <class name="tests.GiftcardTest">
        <test-method is-config="true" signature="setUp()[pri:0, instance:tests.GiftcardTest@346a361]" started-at="2024-05-16T23:23:27 IST" name="setUp" finished-at="2024-05-16T23:23:29 IST" duration-ms="2422" status="PASS">
          <reporter-output>
          </reporter-output>
        </test-method> <!-- setUp -->
        <test-method signature="giftcardTest(java.lang.String,java.lang.String,java.lang.String,java.lang.String)[pri:0, instance:tests.GiftcardTest@346a361]" started-at="2024-05-16T23:23:29 IST" name="giftcardTest" data-provider="giftcardTestData" finished-at="2024-05-16T23:23:37 IST" duration-ms="7761" status="PASS">
          <params>
            <param index="0">
              <value>
                <![CDATA[https://www.flipkart.com/the-gift-card-store?link=home_giftcard]]>
              </value>
            </param>
            <param index="1">
              <value>
                <![CDATA[Yes]]>
              </value>
            </param>
            <param index="2">
              <value>
                <![CDATA[rictae13@gmail.com]]>
              </value>
            </param>
            <param index="3">
              <value>
                <![CDATA[Richa]]>
              </value>
            </param>
          </params>
          <reporter-output>
          </reporter-output>
        </test-method> <!-- giftcardTest -->
        <test-method is-config="true" signature="tearDown(org.testng.ITestResult)[pri:0, instance:tests.GiftcardTest@346a361]" started-at="2024-05-16T23:23:37 IST" name="tearDown" finished-at="2024-05-16T23:23:37 IST" duration-ms="1" status="PASS">
          <params>
            <param index="0">
              <value>
                <![CDATA[[TestResult name=giftcardTest status=SUCCESS method=GiftcardTest.giftcardTest(java.lang.String,java.lang.String,java.lang.String,java.lang.String)[pri:0, instance:tests.GiftcardTest@346a361] output={null}]]]>
              </value>
            </param>
          </params>
          <reporter-output>
          </reporter-output>
        </test-method> <!-- tearDown -->
        <test-method is-config="true" signature="tearDown()[pri:0, instance:tests.GiftcardTest@346a361]" started-at="2024-05-16T23:23:37 IST" name="tearDown" finished-at="2024-05-16T23:23:38 IST" duration-ms="955" status="PASS">
          <reporter-output>
          </reporter-output>
        </test-method> <!-- tearDown -->
      </class> <!-- tests.GiftcardTest -->
      <class name="tests.BookFlightTest">
        <test-method is-config="true" signature="setUp()[pri:0, instance:tests.BookFlightTest@4ae33a11]" started-at="2024-05-16T23:22:01 IST" name="setUp" finished-at="2024-05-16T23:22:03 IST" duration-ms="2110" status="PASS">
          <reporter-output>
          </reporter-output>
        </test-method> <!-- setUp -->
        <test-method signature="bookFlightTest(java.lang.String,java.lang.String)[pri:0, instance:tests.BookFlightTest@4ae33a11]" started-at="2024-05-16T23:22:03 IST" name="bookFlightTest" data-provider="bookflightTestData" finished-at="2024-05-16T23:22:13 IST" duration-ms="9398" status="PASS">
          <params>
            <param index="0">
              <value>
                <![CDATA[https://www.flipkart.com]]>
              </value>
            </param>
            <param index="1">
              <value>
                <![CDATA[Yes]]>
              </value>
            </param>
          </params>
          <reporter-output>
          </reporter-output>
        </test-method> <!-- bookFlightTest -->
        <test-method is-config="true" signature="tearDown(org.testng.ITestResult)[pri:0, instance:tests.BookFlightTest@4ae33a11]" started-at="2024-05-16T23:22:13 IST" name="tearDown" finished-at="2024-05-16T23:22:13 IST" duration-ms="1" status="PASS">
          <params>
            <param index="0">
              <value>
                <![CDATA[[TestResult name=bookFlightTest status=SUCCESS method=BookFlightTest.bookFlightTest(java.lang.String,java.lang.String)[pri:0, instance:tests.BookFlightTest@4ae33a11] output={null}]]]>
              </value>
            </param>
          </params>
          <reporter-output>
          </reporter-output>
        </test-method> <!-- tearDown -->
        <test-method is-config="true" signature="tearDown()[pri:0, instance:tests.BookFlightTest@4ae33a11]" started-at="2024-05-16T23:22:13 IST" name="tearDown" finished-at="2024-05-16T23:22:14 IST" duration-ms="901" status="PASS">
          <reporter-output>
          </reporter-output>
        </test-method> <!-- tearDown -->
      </class> <!-- tests.BookFlightTest -->
      <class name="tests.BannerTest">
        <test-method is-config="true" signature="setUp()[pri:0, instance:tests.BannerTest@7c7d3c46]" started-at="2024-05-16T23:21:51 IST" name="setUp" finished-at="2024-05-16T23:21:54 IST" duration-ms="2977" status="PASS">
          <reporter-output>
          </reporter-output>
        </test-method> <!-- setUp -->
        <test-method signature="bannerTest(java.lang.String,java.lang.String)[pri:0, instance:tests.BannerTest@7c7d3c46]" started-at="2024-05-16T23:21:55 IST" name="bannerTest" data-provider="bannerTestData" finished-at="2024-05-16T23:21:59 IST" duration-ms="4156" status="PASS">
          <params>
            <param index="0">
              <value>
                <![CDATA[https://www.flipkart.com]]>
              </value>
            </param>
            <param index="1">
              <value>
                <![CDATA[Yes]]>
              </value>
            </param>
          </params>
          <reporter-output>
          </reporter-output>
        </test-method> <!-- bannerTest -->
        <test-method is-config="true" signature="tearDown(org.testng.ITestResult)[pri:0, instance:tests.BannerTest@7c7d3c46]" started-at="2024-05-16T23:21:59 IST" name="tearDown" finished-at="2024-05-16T23:21:59 IST" duration-ms="3" status="PASS">
          <params>
            <param index="0">
              <value>
                <![CDATA[[TestResult name=bannerTest status=SUCCESS method=BannerTest.bannerTest(java.lang.String,java.lang.String)[pri:0, instance:tests.BannerTest@7c7d3c46] output={null}]]]>
              </value>
            </param>
          </params>
          <reporter-output>
          </reporter-output>
        </test-method> <!-- tearDown -->
        <test-method is-config="true" signature="tearDown()[pri:0, instance:tests.BannerTest@7c7d3c46]" started-at="2024-05-16T23:21:59 IST" name="tearDown" finished-at="2024-05-16T23:22:01 IST" duration-ms="1440" status="PASS">
          <reporter-output>
          </reporter-output>
        </test-method> <!-- tearDown -->
      </class> <!-- tests.BannerTest -->
      <class name="tests.WishlistTest">
        <test-method is-config="true" signature="setUp()[pri:0, instance:tests.WishlistTest@62e70ea3]" started-at="2024-05-16T23:25:21 IST" name="setUp" finished-at="2024-05-16T23:25:23 IST" duration-ms="2058" status="PASS">
          <reporter-output>
          </reporter-output>
        </test-method> <!-- setUp -->
        <test-method signature="wishlistTest(java.lang.String,java.lang.String)[pri:0, instance:tests.WishlistTest@62e70ea3]" started-at="2024-05-16T23:25:24 IST" name="wishlistTest" data-provider="wishlistTestData" finished-at="2024-05-16T23:25:27 IST" duration-ms="3903" status="PASS">
          <params>
            <param index="0">
              <value>
                <![CDATA[https://www.flipkart.com/tyy/4io/~cs-6ky41lperx/pr?sid=tyy%2C4io&collection-tab-name=POCO+M6+Pro+5G&param=3243&ctx=eyJjYXJkQ29udGV4dCI6eyJhdHRyaWJ1dGVzIjp7InZhbHVlQ2FsbG91dCI6eyJtdWx0aVZhbHVlZEF0dHJpYnV0ZSI6eyJrZXkiOiJ2YWx1ZUNhbGxvdXQiLCJpbmZlcmVuY2VUeXBlIjoiVkFMVUVfQ0FMTE9VVCIsInZhbHVlcyI6WyJpbmNsIG9mIG9mZmVycyJdLCJ2YWx1ZVR5cGUiOiJNVUxUSV9WQUxVRUQifX0sInRpdGxlIjp7Im11bHRpVmFsdWVkQXR0cmlidXRlIjp7ImtleSI6InRpdGxlIiwiaW5mZXJlbmNlVHlwZSI6IlRJVExFIiwidmFsdWVzIjpbInBvY28gbTYgcHJvIl0sInZhbHVlVHlwZSI6Ik1VTFRJX1ZBTFVFRCJ9fSwiaGVyb1BpZCI6eyJzaW5nbGVWYWx1ZUF0dHJpYnV0ZSI6eyJrZXkiOiJoZXJvUGlkIiwiaW5mZXJlbmNlVHlwZSI6IlBJRCIsInZhbHVlIjoiTU9CR1JOWjNGWkJWUllIUSIsInZhbHVlVHlwZSI6IlNJTkdMRV9WQUxVRUQifX19fX0%3D]]>
              </value>
            </param>
            <param index="1">
              <value>
                <![CDATA[Yes]]>
              </value>
            </param>
          </params>
          <reporter-output>
          </reporter-output>
        </test-method> <!-- wishlistTest -->
        <test-method is-config="true" signature="tearDown(org.testng.ITestResult)[pri:0, instance:tests.WishlistTest@62e70ea3]" started-at="2024-05-16T23:25:27 IST" name="tearDown" finished-at="2024-05-16T23:25:27 IST" duration-ms="0" status="PASS">
          <params>
            <param index="0">
              <value>
                <![CDATA[[TestResult name=wishlistTest status=SUCCESS method=WishlistTest.wishlistTest(java.lang.String,java.lang.String)[pri:0, instance:tests.WishlistTest@62e70ea3] output={null}]]]>
              </value>
            </param>
          </params>
          <reporter-output>
          </reporter-output>
        </test-method> <!-- tearDown -->
        <test-method is-config="true" signature="tearDown()[pri:0, instance:tests.WishlistTest@62e70ea3]" started-at="2024-05-16T23:25:27 IST" name="tearDown" finished-at="2024-05-16T23:25:28 IST" duration-ms="800" status="PASS">
          <reporter-output>
          </reporter-output>
        </test-method> <!-- tearDown -->
      </class> <!-- tests.WishlistTest -->
      <class name="tests.SearchTest">
        <test-method is-config="true" signature="setUp()[pri:0, instance:tests.SearchTest@5bf22f18]" started-at="2024-05-16T23:24:40 IST" name="setUp" finished-at="2024-05-16T23:24:42 IST" duration-ms="2170" status="PASS">
          <reporter-output>
          </reporter-output>
        </test-method> <!-- setUp -->
        <test-method signature="searchTest(java.lang.String,java.lang.String,java.lang.String)[pri:0, instance:tests.SearchTest@5bf22f18]" started-at="2024-05-16T23:24:42 IST" name="searchTest" data-provider="searchTestData" finished-at="2024-05-16T23:24:50 IST" duration-ms="7609" status="PASS">
          <params>
            <param index="0">
              <value>
                <![CDATA[https://www.flipkart.com/]]>
              </value>
            </param>
            <param index="1">
              <value>
                <![CDATA[Yes]]>
              </value>
            </param>
            <param index="2">
              <value>
                <![CDATA[Women Jeans]]>
              </value>
            </param>
          </params>
          <reporter-output>
          </reporter-output>
        </test-method> <!-- searchTest -->
        <test-method is-config="true" signature="tearDown(org.testng.ITestResult)[pri:0, instance:tests.SearchTest@5bf22f18]" started-at="2024-05-16T23:24:50 IST" name="tearDown" finished-at="2024-05-16T23:24:50 IST" duration-ms="3" status="PASS">
          <params>
            <param index="0">
              <value>
                <![CDATA[[TestResult name=searchTest status=SUCCESS method=SearchTest.searchTest(java.lang.String,java.lang.String,java.lang.String)[pri:0, instance:tests.SearchTest@5bf22f18] output={null}]]]>
              </value>
            </param>
          </params>
          <reporter-output>
          </reporter-output>
        </test-method> <!-- tearDown -->
        <test-method is-config="true" signature="tearDown()[pri:0, instance:tests.SearchTest@5bf22f18]" started-at="2024-05-16T23:24:50 IST" name="tearDown" finished-at="2024-05-16T23:24:50 IST" duration-ms="803" status="PASS">
          <reporter-output>
          </reporter-output>
        </test-method> <!-- tearDown -->
      </class> <!-- tests.SearchTest -->
      <class name="tests.NavigationTest">
        <test-method is-config="true" signature="setUp()[pri:0, instance:tests.NavigationTest@482d776b]" started-at="2024-05-16T23:24:07 IST" name="setUp" finished-at="2024-05-16T23:24:09 IST" duration-ms="2249" status="PASS">
          <reporter-output>
          </reporter-output>
        </test-method> <!-- setUp -->
        <test-method signature="navigationTest(java.lang.String,java.lang.String)[pri:0, instance:tests.NavigationTest@482d776b]" started-at="2024-05-16T23:24:09 IST" name="navigationTest" data-provider="navigationTestData" finished-at="2024-05-16T23:24:18 IST" duration-ms="8310" status="PASS">
          <params>
            <param index="0">
              <value>
                <![CDATA[https://www.flipkart.com]]>
              </value>
            </param>
            <param index="1">
              <value>
                <![CDATA[Yes]]>
              </value>
            </param>
          </params>
          <reporter-output>
          </reporter-output>
        </test-method> <!-- navigationTest -->
        <test-method is-config="true" signature="tearDown(org.testng.ITestResult)[pri:0, instance:tests.NavigationTest@482d776b]" started-at="2024-05-16T23:24:18 IST" name="tearDown" finished-at="2024-05-16T23:24:18 IST" duration-ms="1" status="PASS">
          <params>
            <param index="0">
              <value>
                <![CDATA[[TestResult name=navigationTest status=SUCCESS method=NavigationTest.navigationTest(java.lang.String,java.lang.String)[pri:0, instance:tests.NavigationTest@482d776b] output={null}]]]>
              </value>
            </param>
          </params>
          <reporter-output>
          </reporter-output>
        </test-method> <!-- tearDown -->
        <test-method is-config="true" signature="tearDown()[pri:0, instance:tests.NavigationTest@482d776b]" started-at="2024-05-16T23:24:18 IST" name="tearDown" finished-at="2024-05-16T23:24:19 IST" duration-ms="946" status="PASS">
          <reporter-output>
          </reporter-output>
        </test-method> <!-- tearDown -->
      </class> <!-- tests.NavigationTest -->
      <class name="tests.GroupCompanyTest">
        <test-method is-config="true" signature="setUp()[pri:0, instance:tests.GroupCompanyTest@1643d68f]" started-at="2024-05-16T23:23:46 IST" name="setUp" finished-at="2024-05-16T23:23:48 IST" duration-ms="2187" status="PASS">
          <reporter-output>
          </reporter-output>
        </test-method> <!-- setUp -->
        <test-method signature="groupCompanyTest(java.lang.String,java.lang.String)[pri:0, instance:tests.GroupCompanyTest@1643d68f]" started-at="2024-05-16T23:23:48 IST" name="groupCompanyTest" data-provider="groupCompanyTestData" finished-at="2024-05-16T23:23:55 IST" duration-ms="6253" status="PASS">
          <params>
            <param index="0">
              <value>
                <![CDATA[https://www.flipkart.com/]]>
              </value>
            </param>
            <param index="1">
              <value>
                <![CDATA[Yes]]>
              </value>
            </param>
          </params>
          <reporter-output>
          </reporter-output>
        </test-method> <!-- groupCompanyTest -->
        <test-method is-config="true" signature="tearDown(org.testng.ITestResult)[pri:0, instance:tests.GroupCompanyTest@1643d68f]" started-at="2024-05-16T23:23:55 IST" name="tearDown" finished-at="2024-05-16T23:23:55 IST" duration-ms="0" status="PASS">
          <params>
            <param index="0">
              <value>
                <![CDATA[[TestResult name=groupCompanyTest status=SUCCESS method=GroupCompanyTest.groupCompanyTest(java.lang.String,java.lang.String)[pri:0, instance:tests.GroupCompanyTest@1643d68f] output={null}]]]>
              </value>
            </param>
          </params>
          <reporter-output>
          </reporter-output>
        </test-method> <!-- tearDown -->
        <test-method is-config="true" signature="tearDown()[pri:0, instance:tests.GroupCompanyTest@1643d68f]" started-at="2024-05-16T23:23:55 IST" name="tearDown" finished-at="2024-05-16T23:23:57 IST" duration-ms="2013" status="PASS">
          <reporter-output>
          </reporter-output>
        </test-method> <!-- tearDown -->
      </class> <!-- tests.GroupCompanyTest -->
      <class name="tests.CustomerCareTest">
        <test-method is-config="true" signature="setUp()[pri:0, instance:tests.CustomerCareTest@3a94964]" started-at="2024-05-16T23:22:34 IST" name="setUp" finished-at="2024-05-16T23:22:36 IST" duration-ms="2070" status="PASS">
          <reporter-output>
          </reporter-output>
        </test-method> <!-- setUp -->
        <test-method signature="customerCareTest(java.lang.String,java.lang.String)[pri:0, instance:tests.CustomerCareTest@3a94964]" started-at="2024-05-16T23:22:37 IST" name="customerCareTest" data-provider="customerTestData" finished-at="2024-05-16T23:22:41 IST" duration-ms="4815" status="PASS">
          <params>
            <param index="0">
              <value>
                <![CDATA[https://www.flipkart.com]]>
              </value>
            </param>
            <param index="1">
              <value>
                <![CDATA[Yes]]>
              </value>
            </param>
          </params>
          <reporter-output>
          </reporter-output>
        </test-method> <!-- customerCareTest -->
        <test-method is-config="true" signature="tearDown(org.testng.ITestResult)[pri:0, instance:tests.CustomerCareTest@3a94964]" started-at="2024-05-16T23:22:41 IST" name="tearDown" finished-at="2024-05-16T23:22:41 IST" duration-ms="1" status="PASS">
          <params>
            <param index="0">
              <value>
                <![CDATA[[TestResult name=customerCareTest status=SUCCESS method=CustomerCareTest.customerCareTest(java.lang.String,java.lang.String)[pri:0, instance:tests.CustomerCareTest@3a94964] output={null}]]]>
              </value>
            </param>
          </params>
          <reporter-output>
          </reporter-output>
        </test-method> <!-- tearDown -->
        <test-method is-config="true" signature="tearDown()[pri:0, instance:tests.CustomerCareTest@3a94964]" started-at="2024-05-16T23:22:41 IST" name="tearDown" finished-at="2024-05-16T23:22:42 IST" duration-ms="960" status="PASS">
          <reporter-output>
          </reporter-output>
        </test-method> <!-- tearDown -->
      </class> <!-- tests.CustomerCareTest -->
      <class name="tests.ShareTest">
        <test-method is-config="true" signature="setUp()[pri:0, instance:tests.ShareTest@7a7471ce]" started-at="2024-05-16T23:25:04 IST" name="setUp" finished-at="2024-05-16T23:25:07 IST" duration-ms="2315" status="PASS">
          <reporter-output>
          </reporter-output>
        </test-method> <!-- setUp -->
        <test-method signature="shareTest(java.lang.String,java.lang.String)[pri:0, instance:tests.ShareTest@7a7471ce]" started-at="2024-05-16T23:25:07 IST" name="shareTest" data-provider="shareTestData" finished-at="2024-05-16T23:25:11 IST" duration-ms="4591" status="PASS">
          <params>
            <param index="0">
              <value>
                <![CDATA[https://www.flipkart.com/poco-m6-pro-5g-forest-green-128-gb/p/itm151f47ed48eee?pid=MOBGRNZ3FZBVRYHQ&lid=LSTMOBGRNZ3FZBVRYHQLWWUJH&marketplace=FLIPKART&store=tyy%2F4io&spotlightTagId=BestsellerId_tyy%2F4io&srno=b_1_1&otracker=browse&fm=organic&iid=93d2403b-5c0b-48c2-912a-ab78f1ffc658.MOBGRNZ3FZBVRYHQ.SEARCH&ppt=browse&ppn=browse&ssid=qasi52v2800000001715754782625]]>
              </value>
            </param>
            <param index="1">
              <value>
                <![CDATA[Yes]]>
              </value>
            </param>
          </params>
          <reporter-output>
          </reporter-output>
        </test-method> <!-- shareTest -->
        <test-method is-config="true" signature="tearDown(org.testng.ITestResult)[pri:0, instance:tests.ShareTest@7a7471ce]" started-at="2024-05-16T23:25:11 IST" name="tearDown" finished-at="2024-05-16T23:25:11 IST" duration-ms="1" status="PASS">
          <params>
            <param index="0">
              <value>
                <![CDATA[[TestResult name=shareTest status=SUCCESS method=ShareTest.shareTest(java.lang.String,java.lang.String)[pri:0, instance:tests.ShareTest@7a7471ce] output={null}]]]>
              </value>
            </param>
          </params>
          <reporter-output>
          </reporter-output>
        </test-method> <!-- tearDown -->
        <test-method is-config="true" signature="tearDown()[pri:0, instance:tests.ShareTest@7a7471ce]" started-at="2024-05-16T23:25:11 IST" name="tearDown" finished-at="2024-05-16T23:25:12 IST" duration-ms="993" status="PASS">
          <reporter-output>
          </reporter-output>
        </test-method> <!-- tearDown -->
      </class> <!-- tests.ShareTest -->
      <class name="tests.SellerTest">
        <test-method is-config="true" signature="setUp()[pri:0, instance:tests.SellerTest@267f474e]" started-at="2024-05-16T23:24:50 IST" name="setUp" finished-at="2024-05-16T23:24:53 IST" duration-ms="2302" status="PASS">
          <reporter-output>
          </reporter-output>
        </test-method> <!-- setUp -->
        <test-method signature="sellerTest(java.lang.String,java.lang.String)[pri:0, instance:tests.SellerTest@267f474e]" started-at="2024-05-16T23:24:53 IST" name="sellerTest" data-provider="sellerTestData" finished-at="2024-05-16T23:25:03 IST" duration-ms="10575" status="PASS">
          <params>
            <param index="0">
              <value>
                <![CDATA[https://www.flipkart.com]]>
              </value>
            </param>
            <param index="1">
              <value>
                <![CDATA[Yes]]>
              </value>
            </param>
          </params>
          <reporter-output>
          </reporter-output>
        </test-method> <!-- sellerTest -->
        <test-method is-config="true" signature="tearDown(org.testng.ITestResult)[pri:0, instance:tests.SellerTest@267f474e]" started-at="2024-05-16T23:25:03 IST" name="tearDown" finished-at="2024-05-16T23:25:03 IST" duration-ms="0" status="PASS">
          <params>
            <param index="0">
              <value>
                <![CDATA[[TestResult name=sellerTest status=SUCCESS method=SellerTest.sellerTest(java.lang.String,java.lang.String)[pri:0, instance:tests.SellerTest@267f474e] output={null}]]]>
              </value>
            </param>
          </params>
          <reporter-output>
          </reporter-output>
        </test-method> <!-- tearDown -->
        <test-method is-config="true" signature="tearDown()[pri:0, instance:tests.SellerTest@267f474e]" started-at="2024-05-16T23:25:03 IST" name="tearDown" finished-at="2024-05-16T23:25:04 IST" duration-ms="1019" status="PASS">
          <reporter-output>
          </reporter-output>
        </test-method> <!-- tearDown -->
      </class> <!-- tests.SellerTest -->
      <class name="tests.FilterTest">
        <test-method is-config="true" signature="setUp()[pri:0, instance:tests.FilterTest@34a75079]" started-at="2024-05-16T23:23:11 IST" name="setUp" finished-at="2024-05-16T23:23:13 IST" duration-ms="2083" status="PASS">
          <reporter-output>
          </reporter-output>
        </test-method> <!-- setUp -->
        <test-method signature="filterTest(java.lang.String,java.lang.String)[pri:0, instance:tests.FilterTest@34a75079]" started-at="2024-05-16T23:23:14 IST" name="filterTest" data-provider="filterTestData" finished-at="2024-05-16T23:23:26 IST" duration-ms="11998" status="PASS">
          <params>
            <param index="0">
              <value>
                <![CDATA[https://www.flipkart.com]]>
              </value>
            </param>
            <param index="1">
              <value>
                <![CDATA[Yes]]>
              </value>
            </param>
          </params>
          <reporter-output>
          </reporter-output>
        </test-method> <!-- filterTest -->
        <test-method is-config="true" signature="tearDown(org.testng.ITestResult)[pri:0, instance:tests.FilterTest@34a75079]" started-at="2024-05-16T23:23:26 IST" name="tearDown" finished-at="2024-05-16T23:23:26 IST" duration-ms="1" status="PASS">
          <params>
            <param index="0">
              <value>
                <![CDATA[[TestResult name=filterTest status=SUCCESS method=FilterTest.filterTest(java.lang.String,java.lang.String)[pri:0, instance:tests.FilterTest@34a75079] output={null}]]]>
              </value>
            </param>
          </params>
          <reporter-output>
          </reporter-output>
        </test-method> <!-- tearDown -->
        <test-method is-config="true" signature="tearDown()[pri:0, instance:tests.FilterTest@34a75079]" started-at="2024-05-16T23:23:26 IST" name="tearDown" finished-at="2024-05-16T23:23:27 IST" duration-ms="928" status="PASS">
          <reporter-output>
          </reporter-output>
        </test-method> <!-- tearDown -->
      </class> <!-- tests.FilterTest -->
      <class name="tests.CompareTest">
        <test-method is-config="true" signature="setUp()[pri:0, instance:tests.CompareTest@b40bb6e]" started-at="2024-05-16T23:22:24 IST" name="setUp" finished-at="2024-05-16T23:22:26 IST" duration-ms="1968" status="PASS">
          <reporter-output>
          </reporter-output>
        </test-method> <!-- setUp -->
        <test-method signature="compareTest(java.lang.String,java.lang.String,java.lang.String)[pri:0, instance:tests.CompareTest@b40bb6e]" started-at="2024-05-16T23:22:26 IST" name="compareTest" data-provider="compareTestData" finished-at="2024-05-16T23:22:33 IST" duration-ms="6867" status="PASS">
          <params>
            <param index="0">
              <value>
                <![CDATA[https://www.flipkart.com/poco-m6-pro-5g-forest-green-128-gb/p/itm151f47ed48eee?pid=MOBGRNZ3FZBVRYHQ&lid=LSTMOBGRNZ3FZBVRYHQLWWUJH&marketplace=FLIPKART&store=tyy%2F4io&spotlightTagId=BestsellerId_tyy%2F4io&srno=b_1_1&otracker=browse&fm=organic&iid=93d2403b-5c0b-48c2-912a-ab78f1ffc658.MOBGRNZ3FZBVRYHQ.SEARCH&ppt=browse&ppn=browse&ssid=qasi52v2800000001715754782625]]>
              </value>
            </param>
            <param index="1">
              <value>
                <![CDATA[https://www.flipkart.com/redmi-12-pastel-blue-128-gb/p/itm9b1a6640faccd?pid=MOBGRMFKAHNTZPWE&lid=LSTMOBGRMFKAHNTZPWE1H5IWS&marketplace=FLIPKART&fm=productRecommendation%2Fsimilar&iid=R%3As%3Bp%3AMOBGRNZ3FZBVRYHQ%3Bl%3ALSTMOBGRNZ3FZBVRYHQLWWUJH%3Bpt%3App%3Buid%3A413ce5c5-129d-11ef-9805-dfeb5cf62949%3B.MOBGRMFKAHNTZPWE&ppt=pp&ppn=pp&ssid=rpba0o2wls0000001715758110411&otracker=pp_reco_Similar%2BProducts_6_35.productCard.PMU_HORIZONTAL_REDMI%2B12%2B%2528Pastel%2BBlue%252C%2B128%2BGB%2529_MOBGRMFKAHNTZPWE_productRecommendation%2Fsimilar_5&otracker1=pp_reco_PINNED_productRecommendation%2Fsimilar_Similar%2BProducts_GRID_productCard_cc_6_NA_view-all&cid=MOBGRMFKAHNTZPWE]]>
              </value>
            </param>
            <param index="2">
              <value>
                <![CDATA[Yes]]>
              </value>
            </param>
          </params>
          <reporter-output>
          </reporter-output>
        </test-method> <!-- compareTest -->
        <test-method is-config="true" signature="tearDown(org.testng.ITestResult)[pri:0, instance:tests.CompareTest@b40bb6e]" started-at="2024-05-16T23:22:33 IST" name="tearDown" finished-at="2024-05-16T23:22:33 IST" duration-ms="1" status="PASS">
          <params>
            <param index="0">
              <value>
                <![CDATA[[TestResult name=compareTest status=SUCCESS method=CompareTest.compareTest(java.lang.String,java.lang.String,java.lang.String)[pri:0, instance:tests.CompareTest@b40bb6e] output={null}]]]>
              </value>
            </param>
          </params>
          <reporter-output>
          </reporter-output>
        </test-method> <!-- tearDown -->
        <test-method is-config="true" signature="tearDown()[pri:0, instance:tests.CompareTest@b40bb6e]" started-at="2024-05-16T23:22:33 IST" name="tearDown" finished-at="2024-05-16T23:22:34 IST" duration-ms="928" status="PASS">
          <reporter-output>
          </reporter-output>
        </test-method> <!-- tearDown -->
      </class> <!-- tests.CompareTest -->
      <class name="tests.CartTest">
        <test-method is-config="true" signature="setUp()[pri:0, instance:tests.CartTest@7a48e6e2]" started-at="2024-05-16T23:22:14 IST" name="setUp" finished-at="2024-05-16T23:22:16 IST" duration-ms="2138" status="PASS">
          <reporter-output>
          </reporter-output>
        </test-method> <!-- setUp -->
        <test-method signature="cartTest(java.lang.String,java.lang.String,java.lang.String)[pri:0, instance:tests.CartTest@7a48e6e2]" started-at="2024-05-16T23:22:16 IST" name="cartTest" data-provider="cartTestData" finished-at="2024-05-16T23:22:23 IST" duration-ms="7471" status="PASS">
          <params>
            <param index="0">
              <value>
                <![CDATA[https://www.flipkart.com/poco-m6-pro-5g-forest-green-128-gb/p/itm151f47ed48eee?pid=MOBGRNZ3FZBVRYHQ&lid=LSTMOBGRNZ3FZBVRYHQLWWUJH&marketplace=FLIPKART&store=tyy%2F4io&spotlightTagId=BestsellerId_tyy%2F4io&srno=b_1_1&otracker=browse&fm=organic&iid=7bb2022b-65bc-4846-8f6f-a92e25cd8522.MOBGRNZ3FZBVRYHQ.SEARCH&ppt=browse&ppn=browse&ssid=vtvs5v5y3k0000001715695980158]]>
              </value>
            </param>
            <param index="1">
              <value>
                <![CDATA[Yes]]>
              </value>
            </param>
            <param index="2">
              <value>
                <![CDATA[tiwari199.rahul7@gmail.com]]>
              </value>
            </param>
          </params>
          <reporter-output>
          </reporter-output>
        </test-method> <!-- cartTest -->
        <test-method is-config="true" signature="tearDown(org.testng.ITestResult)[pri:0, instance:tests.CartTest@7a48e6e2]" started-at="2024-05-16T23:22:23 IST" name="tearDown" finished-at="2024-05-16T23:22:23 IST" duration-ms="1" status="PASS">
          <params>
            <param index="0">
              <value>
                <![CDATA[[TestResult name=cartTest status=SUCCESS method=CartTest.cartTest(java.lang.String,java.lang.String,java.lang.String)[pri:0, instance:tests.CartTest@7a48e6e2] output={null}]]]>
              </value>
            </param>
          </params>
          <reporter-output>
          </reporter-output>
        </test-method> <!-- tearDown -->
        <test-method is-config="true" signature="tearDown()[pri:0, instance:tests.CartTest@7a48e6e2]" started-at="2024-05-16T23:22:23 IST" name="tearDown" finished-at="2024-05-16T23:22:24 IST" duration-ms="869" status="PASS">
          <reporter-output>
          </reporter-output>
        </test-method> <!-- tearDown -->
      </class> <!-- tests.CartTest -->
      <class name="tests.RatingTest">
        <test-method is-config="true" signature="setUp()[pri:0, instance:tests.RatingTest@acb0951]" started-at="2024-05-16T23:24:27 IST" name="setUp" finished-at="2024-05-16T23:24:29 IST" duration-ms="2097" status="PASS">
          <reporter-output>
          </reporter-output>
        </test-method> <!-- setUp -->
        <test-method signature="ratingTest(java.lang.String,java.lang.String)[pri:0, instance:tests.RatingTest@acb0951]" started-at="2024-05-16T23:24:29 IST" name="ratingTest" data-provider="ratingTestData" finished-at="2024-05-16T23:24:39 IST" duration-ms="9868" status="PASS">
          <params>
            <param index="0">
              <value>
                <![CDATA[https://www.flipkart.com/poco-m6-pro-5g-power-black-128-gb/p/itmef8fa46f89738?pid=MOBGRNZ3ER4N3K4F&lid=LSTMOBGRNZ3ER4N3K4FIYYGCU&marketplace=FLIPKART&store=tyy%2F4io&spotlightTagId=BestsellerId_tyy%2F4io&srno=b_1_1&otracker=browse&fm=organic&iid=e4251021-69ce-4af4-8e14-c0d82321e3d8.MOBGRNZ3ER4N3K4F.SEARCH&ppt=browse&ppn=browse&ssid=tsnuolqqkg0000001715851610427]]>
              </value>
            </param>
            <param index="1">
              <value>
                <![CDATA[Yes]]>
              </value>
            </param>
          </params>
          <reporter-output>
          </reporter-output>
        </test-method> <!-- ratingTest -->
        <test-method is-config="true" signature="tearDown(org.testng.ITestResult)[pri:0, instance:tests.RatingTest@acb0951]" started-at="2024-05-16T23:24:39 IST" name="tearDown" finished-at="2024-05-16T23:24:39 IST" duration-ms="1" status="PASS">
          <params>
            <param index="0">
              <value>
                <![CDATA[[TestResult name=ratingTest status=SUCCESS method=RatingTest.ratingTest(java.lang.String,java.lang.String)[pri:0, instance:tests.RatingTest@acb0951] output={null}]]]>
              </value>
            </param>
          </params>
          <reporter-output>
          </reporter-output>
        </test-method> <!-- tearDown -->
        <test-method is-config="true" signature="tearDown()[pri:0, instance:tests.RatingTest@acb0951]" started-at="2024-05-16T23:24:39 IST" name="tearDown" finished-at="2024-05-16T23:24:40 IST" duration-ms="875" status="PASS">
          <reporter-output>
          </reporter-output>
        </test-method> <!-- tearDown -->
      </class> <!-- tests.RatingTest -->
      <class name="tests.PinCodeTest">
        <test-method is-config="true" signature="setUp()[pri:0, instance:tests.PinCodeTest@4052274f]" started-at="2024-05-16T23:24:19 IST" name="setUp" finished-at="2024-05-16T23:24:21 IST" duration-ms="2204" status="PASS">
          <reporter-output>
          </reporter-output>
        </test-method> <!-- setUp -->
        <test-method signature="pincodeTest(java.lang.String,java.lang.String,java.lang.String)[pri:0, instance:tests.PinCodeTest@4052274f]" started-at="2024-05-16T23:24:21 IST" name="pincodeTest" data-provider="pincodeTestData" finished-at="2024-05-16T23:24:26 IST" duration-ms="4887" status="PASS">
          <params>
            <param index="0">
              <value>
                <![CDATA[https://www.flipkart.com/poco-m6-pro-5g-forest-green-128-gb/p/itm151f47ed48eee?pid=MOBGRNZ3FZBVRYHQ&lid=LSTMOBGRNZ3FZBVRYHQLWWUJH&marketplace=FLIPKART&store=tyy%2F4io&spotlightTagId=BestsellerId_tyy%2F4io&srno=b_1_1&otracker=browse&fm=organic&iid=cc972770-991c-415d-841e-231c0f770900.MOBGRNZ3FZBVRYHQ.SEARCH&ppt=browse&ppn=browse&ssid=tl5e3ijzbk0000001715680469385]]>
              </value>
            </param>
            <param index="1">
              <value>
                <![CDATA[Yes]]>
              </value>
            </param>
            <param index="2">
              <value>
                <![CDATA[273015]]>
              </value>
            </param>
          </params>
          <reporter-output>
          </reporter-output>
        </test-method> <!-- pincodeTest -->
        <test-method is-config="true" signature="tearDown(org.testng.ITestResult)[pri:0, instance:tests.PinCodeTest@4052274f]" started-at="2024-05-16T23:24:26 IST" name="tearDown" finished-at="2024-05-16T23:24:26 IST" duration-ms="1" status="PASS">
          <params>
            <param index="0">
              <value>
                <![CDATA[[TestResult name=pincodeTest status=SUCCESS method=PinCodeTest.pincodeTest(java.lang.String,java.lang.String,java.lang.String)[pri:0, instance:tests.PinCodeTest@4052274f] output={null}]]]>
              </value>
            </param>
          </params>
          <reporter-output>
          </reporter-output>
        </test-method> <!-- tearDown -->
        <test-method is-config="true" signature="tearDown()[pri:0, instance:tests.PinCodeTest@4052274f]" started-at="2024-05-16T23:24:26 IST" name="tearDown" finished-at="2024-05-16T23:24:27 IST" duration-ms="787" status="PASS">
          <reporter-output>
          </reporter-output>
        </test-method> <!-- tearDown -->
      </class> <!-- tests.PinCodeTest -->
      <class name="tests.GroceryTest">
        <test-method is-config="true" signature="setUp()[pri:0, instance:tests.GroceryTest@107ed6fc]" started-at="2024-05-16T23:23:38 IST" name="setUp" finished-at="2024-05-16T23:23:40 IST" duration-ms="2216" status="PASS">
          <reporter-output>
          </reporter-output>
        </test-method> <!-- setUp -->
        <test-method signature="groceryTest(java.lang.String,java.lang.String,java.lang.String)[pri:0, instance:tests.GroceryTest@107ed6fc]" started-at="2024-05-16T23:23:40 IST" name="groceryTest" data-provider="groceryTestData" finished-at="2024-05-16T23:23:45 IST" duration-ms="5065" status="PASS">
          <params>
            <param index="0">
              <value>
                <![CDATA[https://www.flipkart.com]]>
              </value>
            </param>
            <param index="1">
              <value>
                <![CDATA[Yes]]>
              </value>
            </param>
            <param index="2">
              <value>
                <![CDATA[273015]]>
              </value>
            </param>
          </params>
          <reporter-output>
          </reporter-output>
        </test-method> <!-- groceryTest -->
        <test-method is-config="true" signature="tearDown(org.testng.ITestResult)[pri:0, instance:tests.GroceryTest@107ed6fc]" started-at="2024-05-16T23:23:45 IST" name="tearDown" finished-at="2024-05-16T23:23:45 IST" duration-ms="1" status="PASS">
          <params>
            <param index="0">
              <value>
                <![CDATA[[TestResult name=groceryTest status=SUCCESS method=GroceryTest.groceryTest(java.lang.String,java.lang.String,java.lang.String)[pri:0, instance:tests.GroceryTest@107ed6fc] output={null}]]]>
              </value>
            </param>
          </params>
          <reporter-output>
          </reporter-output>
        </test-method> <!-- tearDown -->
        <test-method is-config="true" signature="tearDown()[pri:0, instance:tests.GroceryTest@107ed6fc]" started-at="2024-05-16T23:23:45 IST" name="tearDown" finished-at="2024-05-16T23:23:46 IST" duration-ms="886" status="PASS">
          <reporter-output>
          </reporter-output>
        </test-method> <!-- tearDown -->
      </class> <!-- tests.GroceryTest -->
    </test> <!-- Surefire test -->
  </suite> <!-- Surefire suite -->
</testng-results>
