<?xml version="1.0" encoding="UTF-8"?>
<testsuite xmlns:xsi="http://www.w3.org/2001/XMLSchema-instance" xsi:noNamespaceSchemaLocation="https://maven.apache.org/surefire/maven-surefire-plugin/xsd/surefire-test-report-3.0.xsd" version="3.0" name="TestSuite" time="218.451" tests="20" errors="0" skipped="0" failures="0">
  <properties>
[...]
</properties>
  <testcase name="bannerTest[https://www.flipkart.com, Yes](1)" classname="tests.BannerTest" time="4.162">
    <system-err><![CDATA[SLF4J: Failed to load class "org.slf4j.impl.StaticLoggerBinder".
SLF4J: Defaulting to no-operation (NOP) logger implementation
SLF4J: See http://www.slf4j.org/codes.html#StaticLoggerBinder for further details.
May 16, 2024 11:21:54 PM org.openqa.selenium.devtools.CdpVersionFinder findNearestMatch
WARNING: Unable to find an exact match for CDP version 124, returning the closest version; found: 122; Please update to a Selenium version that supports CDP version 124
]]></system-err>
  </testcase>
  <testcase name="bookFlightTest[https://www.flipkart.com, Yes](1)" classname="tests.BookFlightTest" time="9.399">
    <system-err><![CDATA[May 16, 2024 11:22:03 PM org.openqa.selenium.devtools.CdpVersionFinder findNearestMatch
WARNING: Unable to find an exact match for CDP version 124, returning the closest version; found: 122; Please update to a Selenium version that supports CDP version 124
]]></system-err>
  </testcase>
  <testcase name="cartTest[https://www.flipkart.com/poco-m6-pro-5g-forest-green-128-gb/p/itm151f47ed48eee?pid=MOBGRNZ3FZBVRYHQ&amp;lid=LSTMOBGRNZ3FZBVRYHQLWWUJH&amp;marketplace=FLIPKART&amp;store=tyy%2F4io&amp;spotlightTagId=BestsellerId_tyy%2F4io&amp;srno=b_1_1&amp;otracker=browse&amp;fm=organic&amp;iid=7bb2022b-65bc-4846-8f6f-a92e25cd8522.MOBGRNZ3FZBVRYHQ.SEARCH&amp;ppt=browse&amp;ppn=browse&amp;ssid=vtvs5v5y3k0000001715695980158, Yes, tiwari199.rahul7@gmail.com](1)" classname="tests.CartTest" time="7.47">
    <system-err><![CDATA[May 16, 2024 11:22:16 PM org.openqa.selenium.devtools.CdpVersionFinder findNearestMatch
WARNING: Unable to find an exact match for CDP version 124, returning the closest version; found: 122; Please update to a Selenium version that supports CDP version 124
]]></system-err>
  </testcase>
  <testcase name="compareTest[https://www.flipkart.com/poco-m6-pro-5g-forest-green-128-gb/p/itm151f47ed48eee?pid=MOBGRNZ3FZBVRYHQ&amp;lid=LSTMOBGRNZ3FZBVRYHQLWWUJH&amp;marketplace=FLIPKART&amp;store=tyy%2F4io&amp;spotlightTagId=BestsellerId_tyy%2F4io&amp;srno=b_1_1&amp;otracker=browse&amp;fm=organic&amp;iid=93d2403b-5c0b-48c2-912a-ab78f1ffc658.MOBGRNZ3FZBVRYHQ.SEARCH&amp;ppt=browse&amp;ppn=browse&amp;ssid=qasi52v2800000001715754782625, https://www.flipkart.com/redmi-12-pastel-blue-128-gb/p/itm9b1a6640faccd?pid=MOBGRMFKAHNTZPWE&amp;lid=LSTMOBGRMFKAHNTZPWE1H5IWS&amp;marketplace=FLIPKART&amp;fm=productRecommendation%2Fsimilar&amp;iid=R%3As%3Bp%3AMOBGRNZ3FZBVRYHQ%3Bl%3ALSTMOBGRNZ3FZBVRYHQLWWUJH%3Bpt%3App%3Buid%3A413ce5c5-129d-11ef-9805-dfeb5cf62949%3B.MOBGRMFKAHNTZPWE&amp;ppt=pp&amp;ppn=pp&amp;ssid=rpba0o2wls0000001715758110411&amp;otracker=pp_reco_Similar%2BProducts_6_35.productCard.PMU_HORIZONTAL_REDMI%2B12%2B%2528Pastel%2BBlue%252C%2B128%2BGB%2529_MOBGRMFKAHNTZPWE_productRecommendation%2Fsimilar_5&amp;otracker1=pp_reco_PINNED_productRecommendation%2Fsimilar_Similar%2BProducts_GRID_productCard_cc_6_NA_view-all&amp;cid=MOBGRMFKAHNTZPWE, Yes](1)" classname="tests.CompareTest" time="6.867">
    <system-err><![CDATA[May 16, 2024 11:22:26 PM org.openqa.selenium.devtools.CdpVersionFinder findNearestMatch
WARNING: Unable to find an exact match for CDP version 124, returning the closest version; found: 122; Please update to a Selenium version that supports CDP version 124
]]></system-err>
  </testcase>
  <testcase name="customerCareTest[https://www.flipkart.com, Yes](1)" classname="tests.CustomerCareTest" time="4.815">
    <system-err><![CDATA[May 16, 2024 11:22:36 PM org.openqa.selenium.devtools.CdpVersionFinder findNearestMatch
WARNING: Unable to find an exact match for CDP version 124, returning the closest version; found: 122; Please update to a Selenium version that supports CDP version 124
]]></system-err>
  </testcase>
  <testcase name="downloadTest[https://www.flipkart.com, Yes](1)" classname="tests.DownloadTest" time="11.751">
    <system-err><![CDATA[May 16, 2024 11:22:44 PM org.openqa.selenium.devtools.CdpVersionFinder findNearestMatch
WARNING: Unable to find an exact match for CDP version 124, returning the closest version; found: 122; Please update to a Selenium version that supports CDP version 124
]]></system-err>
  </testcase>
  <testcase name="exchangeTest[https://www.flipkart.com/vivo-t2-pro-5g-dune-gold-256-gb/p/itm1230688cdef18?pid=MOBGT4RZUPKD8HDK&amp;lid=LSTMOBGT4RZUPKD8HDK4QMUBF&amp;marketplace=FLIPKART&amp;store=tyy%2F4io&amp;spotlightTagId=FkPickId_tyy%2F4io&amp;srno=b_1_1&amp;otracker=browse&amp;fm=organic&amp;iid=3fdca557-96cf-4098-b4ab-723ab022d11f.MOBGT4RZUPKD8HDK.SEARCH&amp;ppt=browse&amp;ppn=browse&amp;ssid=xwer05avpc0000001715845565435, Yes, 273015](1)" classname="tests.ExchangeTest" time="10.824">
    <system-err><![CDATA[May 16, 2024 11:22:59 PM org.openqa.selenium.devtools.CdpVersionFinder findNearestMatch
WARNING: Unable to find an exact match for CDP version 124, returning the closest version; found: 122; Please update to a Selenium version that supports CDP version 124
]]></system-err>
  </testcase>
  <testcase name="filterTest[https://www.flipkart.com, Yes](1)" classname="tests.FilterTest" time="11.998">
    <system-err><![CDATA[May 16, 2024 11:23:13 PM org.openqa.selenium.devtools.CdpVersionFinder findNearestMatch
WARNING: Unable to find an exact match for CDP version 124, returning the closest version; found: 122; Please update to a Selenium version that supports CDP version 124
]]></system-err>
  </testcase>
  <testcase name="giftcardTest[https://www.flipkart.com/the-gift-card-store?link=home_giftcard, Yes, rictae13@gmail.com, Richa](1)" classname="tests.GiftcardTest" time="7.761">
    <system-err><![CDATA[May 16, 2024 11:23:29 PM org.openqa.selenium.devtools.CdpVersionFinder findNearestMatch
WARNING: Unable to find an exact match for CDP version 124, returning the closest version; found: 122; Please update to a Selenium version that supports CDP version 124
]]></system-err>
  </testcase>
  <testcase name="groceryTest[https://www.flipkart.com, Yes, 273015](1)" classname="tests.GroceryTest" time="5.065">
    <system-err><![CDATA[May 16, 2024 11:23:40 PM org.openqa.selenium.devtools.CdpVersionFinder findNearestMatch
WARNING: Unable to find an exact match for CDP version 124, returning the closest version; found: 122; Please update to a Selenium version that supports CDP version 124
]]></system-err>
  </testcase>
  <testcase name="groupCompanyTest[https://www.flipkart.com/, Yes](1)" classname="tests.GroupCompanyTest" time="6.253">
    <system-err><![CDATA[May 16, 2024 11:23:48 PM org.openqa.selenium.devtools.CdpVersionFinder findNearestMatch
WARNING: Unable to find an exact match for CDP version 124, returning the closest version; found: 122; Please update to a Selenium version that supports CDP version 124
]]></system-err>
  </testcase>
  <testcase name="loginTest[8707637714, Yes](1)" classname="tests.LoginTest" time="6.954">
    <system-err><![CDATA[May 16, 2024 11:23:59 PM org.openqa.selenium.devtools.CdpVersionFinder findNearestMatch
WARNING: Unable to find an exact match for CDP version 124, returning the closest version; found: 122; Please update to a Selenium version that supports CDP version 124
]]></system-err>
  </testcase>
  <testcase name="navigationTest[https://www.flipkart.com, Yes](1)" classname="tests.NavigationTest" time="8.31">
    <system-err><![CDATA[May 16, 2024 11:24:09 PM org.openqa.selenium.devtools.CdpVersionFinder findNearestMatch
WARNING: Unable to find an exact match for CDP version 124, returning the closest version; found: 122; Please update to a Selenium version that supports CDP version 124
]]></system-err>
  </testcase>
  <testcase name="pincodeTest[https://www.flipkart.com/poco-m6-pro-5g-forest-green-128-gb/p/itm151f47ed48eee?pid=MOBGRNZ3FZBVRYHQ&amp;lid=LSTMOBGRNZ3FZBVRYHQLWWUJH&amp;marketplace=FLIPKART&amp;store=tyy%2F4io&amp;spotlightTagId=BestsellerId_tyy%2F4io&amp;srno=b_1_1&amp;otracker=browse&amp;fm=organic&amp;iid=cc972770-991c-415d-841e-231c0f770900.MOBGRNZ3FZBVRYHQ.SEARCH&amp;ppt=browse&amp;ppn=browse&amp;ssid=tl5e3ijzbk0000001715680469385, Yes, 273015](1)" classname="tests.PinCodeTest" time="4.887">
    <system-err><![CDATA[May 16, 2024 11:24:21 PM org.openqa.selenium.devtools.CdpVersionFinder findNearestMatch
WARNING: Unable to find an exact match for CDP version 124, returning the closest version; found: 122; Please update to a Selenium version that supports CDP version 124
]]></system-err>
  </testcase>
  <testcase name="ratingTest[https://www.flipkart.com/poco-m6-pro-5g-power-black-128-gb/p/itmef8fa46f89738?pid=MOBGRNZ3ER4N3K4F&amp;lid=LSTMOBGRNZ3ER4N3K4FIYYGCU&amp;marketplace=FLIPKART&amp;store=tyy%2F4io&amp;spotlightTagId=BestsellerId_tyy%2F4io&amp;srno=b_1_1&amp;otracker=browse&amp;fm=organic&amp;iid=e4251021-69ce-4af4-8e14-c0d82321e3d8.MOBGRNZ3ER4N3K4F.SEARCH&amp;ppt=browse&amp;ppn=browse&amp;ssid=tsnuolqqkg0000001715851610427, Yes](1)" classname="tests.RatingTest" time="9.869">
    <system-err><![CDATA[May 16, 2024 11:24:29 PM org.openqa.selenium.devtools.CdpVersionFinder findNearestMatch
WARNING: Unable to find an exact match for CDP version 124, returning the closest version; found: 122; Please update to a Selenium version that supports CDP version 124
]]></system-err>
  </testcase>
  <testcase name="searchTest[https://www.flipkart.com/, Yes, Women Jeans](1)" classname="tests.SearchTest" time="7.61">
    <system-err><![CDATA[May 16, 2024 11:24:42 PM org.openqa.selenium.devtools.CdpVersionFinder findNearestMatch
WARNING: Unable to find an exact match for CDP version 124, returning the closest version; found: 122; Please update to a Selenium version that supports CDP version 124
]]></system-err>
  </testcase>
  <testcase name="sellerTest[https://www.flipkart.com, Yes](1)" classname="tests.SellerTest" time="10.574">
    <system-err><![CDATA[May 16, 2024 11:24:53 PM org.openqa.selenium.devtools.CdpVersionFinder findNearestMatch
WARNING: Unable to find an exact match for CDP version 124, returning the closest version; found: 122; Please update to a Selenium version that supports CDP version 124
]]></system-err>
  </testcase>
  <testcase name="shareTest[https://www.flipkart.com/poco-m6-pro-5g-forest-green-128-gb/p/itm151f47ed48eee?pid=MOBGRNZ3FZBVRYHQ&amp;lid=LSTMOBGRNZ3FZBVRYHQLWWUJH&amp;marketplace=FLIPKART&amp;store=tyy%2F4io&amp;spotlightTagId=BestsellerId_tyy%2F4io&amp;srno=b_1_1&amp;otracker=browse&amp;fm=organic&amp;iid=93d2403b-5c0b-48c2-912a-ab78f1ffc658.MOBGRNZ3FZBVRYHQ.SEARCH&amp;ppt=browse&amp;ppn=browse&amp;ssid=qasi52v2800000001715754782625, Yes](1)" classname="tests.ShareTest" time="4.592">
    <system-err><![CDATA[May 16, 2024 11:25:07 PM org.openqa.selenium.devtools.CdpVersionFinder findNearestMatch
WARNING: Unable to find an exact match for CDP version 124, returning the closest version; found: 122; Please update to a Selenium version that supports CDP version 124
]]></system-err>
  </testcase>
  <testcase name="signUpTest[https://www.flipkart.com/, Yes, 8707637714](1)" classname="tests.SignUpTest" time="5.997">
    <system-err><![CDATA[May 16, 2024 11:25:14 PM org.openqa.selenium.devtools.CdpVersionFinder findNearestMatch
WARNING: Unable to find an exact match for CDP version 124, returning the closest version; found: 122; Please update to a Selenium version that supports CDP version 124
]]></system-err>
  </testcase>
  <testcase name="wishlistTest[https://www.flipkart.com/tyy/4io/~cs-6ky41lperx/pr?sid=tyy%2C4io&amp;collection-tab-name=POCO+M6+Pro+5G&amp;param=3243&amp;ctx=eyJjYXJkQ29udGV4dCI6eyJhdHRyaWJ1dGVzIjp7InZhbHVlQ2FsbG91dCI6eyJtdWx0aVZhbHVlZEF0dHJpYnV0ZSI6eyJrZXkiOiJ2YWx1ZUNhbGxvdXQiLCJpbmZlcmVuY2VUeXBlIjoiVkFMVUVfQ0FMTE9VVCIsInZhbHVlcyI6WyJpbmNsIG9mIG9mZmVycyJdLCJ2YWx1ZVR5cGUiOiJNVUxUSV9WQUxVRUQifX0sInRpdGxlIjp7Im11bHRpVmFsdWVkQXR0cmlidXRlIjp7ImtleSI6InRpdGxlIiwiaW5mZXJlbmNlVHlwZSI6IlRJVExFIiwidmFsdWVzIjpbInBvY28gbTYgcHJvIl0sInZhbHVlVHlwZSI6Ik1VTFRJX1ZBTFVFRCJ9fSwiaGVyb1BpZCI6eyJzaW5nbGVWYWx1ZUF0dHJpYnV0ZSI6eyJrZXkiOiJoZXJvUGlkIiwiaW5mZXJlbmNlVHlwZSI6IlBJRCIsInZhbHVlIjoiTU9CR1JOWjNGWkJWUllIUSIsInZhbHVlVHlwZSI6IlNJTkdMRV9WQUxVRUQifX19fX0%3D, Yes](1)" classname="tests.WishlistTest" time="3.902">
    <system-err><![CDATA[May 16, 2024 11:25:23 PM org.openqa.selenium.devtools.CdpVersionFinder findNearestMatch
WARNING: Unable to find an exact match for CDP version 124, returning the closest version; found: 122; Please update to a Selenium version that supports CDP version 124
]]></system-err>
  </testcase>
</testsuite>