<?xml version="1.0" encoding="UTF-8"?>
<!-- Generated by org.testng.reporters.JUnitXMLReporter -->
<testsuite ignored="0" hostname="IN-PG0352BP" failures="0" tests="20" name="Surefire test" time="216.752" errors="0" timestamp="2024-05-16T23:25:28 IST">
  <testcase classname="tests.BannerTest" name="bannerTest" time="4.156"/>
  <testcase classname="tests.BookFlightTest" name="bookFlightTest" time="9.398"/>
  <testcase classname="tests.CartTest" name="cartTest" time="7.471"/>
  <testcase classname="tests.CompareTest" name="compareTest" time="6.867"/>
  <testcase classname="tests.CustomerCareTest" name="customerCareTest" time="4.815"/>
  <testcase classname="tests.DownloadTest" name="downloadTest" time="11.752"/>
  <testcase classname="tests.ExchangeTest" name="exchangeTest" time="10.825"/>
  <testcase classname="tests.FilterTest" name="filterTest" time="11.998"/>
  <testcase classname="tests.GiftcardTest" name="giftcardTest" time="7.761"/>
  <testcase classname="tests.GroceryTest" name="groceryTest" time="5.065"/>
  <testcase classname="tests.GroupCompanyTest" name="groupCompanyTest" time="6.253"/>
  <testcase classname="tests.LoginTest" name="loginTest" time="6.954"/>
  <testcase classname="tests.NavigationTest" name="navigationTest" time="8.31"/>
  <testcase classname="tests.PinCodeTest" name="pincodeTest" time="4.887"/>
  <testcase classname="tests.RatingTest" name="ratingTest" time="9.868"/>
  <testcase classname="tests.SearchTest" name="searchTest" time="7.609"/>
  <testcase classname="tests.SellerTest" name="sellerTest" time="10.575"/>
  <testcase classname="tests.ShareTest" name="shareTest" time="4.591"/>
  <testcase classname="tests.SignUpTest" name="signUpTest" time="5.997"/>
  <testcase classname="tests.WishlistTest" name="wishlistTest" time="3.903"/>
</testsuite> <!-- Surefire test -->
